Database Export report for lab_intup
Fri May 20 12:00:24 2022
Quartus II 64-Bit Version 13.1.0 Build 162 10/23/2013 SJ Web Edition


---------------------
; Table of Contents ;
---------------------
  1. Legal Notice
  2. Database Export Summary
  3. Database Export Messages



----------------
; Legal Notice ;
----------------
Copyright (C) 1991-2013 Altera Corporation
Your use of Altera Corporation's design tools, logic functions 
and other software and tools, and its AMPP partner logic 
functions, and any output files from any of the foregoing 
(including device programming or simulation files), and any 
associated documentation or information are expressly subject 
to the terms and conditions of the Altera Program License 
Subscription Agreement, Altera MegaCore Function License 
Agreement, or other applicable license agreement, including, 
without limitation, that your use is for the sole purpose of 
programming logic devices manufactured by Altera and sold by 
Altera or its authorized distributors.  Please refer to the 
applicable agreement for further details.



+----------------------------------------------------------------+
; Database Export Summary                                        ;
+------------------------+---------------------------------------+
; Database Export Status ; Successful - Fri May 20 12:00:24 2022 ;
; Revision Name          ; lab_intup                             ;
; Top-level Entity Name  ; sistema_top                           ;
; Family                 ; Cyclone III                           ;
; Device                 ; EP3C16F484C6                          ;
+------------------------+---------------------------------------+


+--------------------------+
; Database Export Messages ;
+--------------------------+
Info: *******************************************************************
Info: Running Quartus II 64-Bit Database Export
    Info: Version 13.1.0 Build 162 10/23/2013 SJ Web Edition
    Info: Processing started: Fri May 20 12:00:15 2022
Info: Command: quartus_cdb lab_intup -c lab_intup --export_database=C:/Users/carlos/Downloads/IMP/IMP_laboratorio/Lab2/Lab2/hw/export_db
Info (39038): Successfully exported the post-synthesis black-box database
Info (39038): Successfully exported the post-synthesis database
Info (39038): Successfully exported the post-fitter database
Info: Quartus II 64-Bit Database Export was successful. 0 errors, 0 warnings
    Info: Peak virtual memory: 4675 megabytes
    Info: Processing ended: Fri May 20 12:00:24 2022
    Info: Elapsed time: 00:00:09
    Info: Total CPU time (on all processors): 00:00:08


